<?xml version="1.0" encoding="UTF-8"?>
<!-- Generated by org.testng.reporters.JUnitReportReporter -->
<testsuite skipped="0" hostname="DUYPLUS" name="testExcel.TestExcelUpdate" tests="2" failures="0" timestamp="2022-04-21T00:21:56 ICT" time="32.083" errors="0">
  <testcase name="Login" time="2.641" classname="testExcel.TestExcelUpdate"/>
  <system-out/>
  <testcase name="UpdateTest" time="29.442" classname="testExcel.TestExcelUpdate"/>
  <system-out/>
</testsuite> <!-- testExcel.TestExcelUpdate -->
